<?xml version="1.0" encoding="UTF-8"?>
<!-- Generated by org.testng.reporters.JUnitReportReporter -->
<testsuite hostname="DESKTOP-FPBC10A" failures="0" tests="5" name="hotelProject.AdactinHotelProject1.RunnerClass" time="33.590" errors="0" timestamp="2022-09-22T18:17:22 IST" skipped="0">
  <testcase classname="hotelProject.AdactinHotelProject1.RunnerClass" name="loginEnter" time="1.912"/>
  <system-out/>
  <testcase classname="hotelProject.AdactinHotelProject1.RunnerClass" name="researchHotel" time="1.979"/>
  <system-out/>
  <testcase classname="hotelProject.AdactinHotelProject1.RunnerClass" name="clickSearchHotel" time="0.996"/>
  <system-out/>
  <testcase classname="hotelProject.AdactinHotelProject1.RunnerClass" name="bookNowHotel" time="1.329"/>
  <system-out/>
  <testcase classname="hotelProject.AdactinHotelProject1.RunnerClass" name="clickBookingConfirm" time="27.374"/>
  <system-out/>
</testsuite> <!-- hotelProject.AdactinHotelProject1.RunnerClass -->
